D:\Bitcoin_Wallet\Various_AspNet_Projects\Das_Kraken_app_Sol\Das_Kraken_app\quickstart\e2e\app.e2e-spec.js
D:\Bitcoin_Wallet\Various_AspNet_Projects\Das_Kraken_app_Sol\Das_Kraken_app\quickstart\e2e\app.e2e-spec.js.map
D:\Bitcoin_Wallet\Various_AspNet_Projects\Das_Kraken_app_Sol\Das_Kraken_app\quickstart\e2e\app.e2e-spec.js
D:\Bitcoin_Wallet\Various_AspNet_Projects\Das_Kraken_app_Sol\Das_Kraken_app\quickstart\e2e\app.e2e-spec.js.map
D:\Bitcoin_Wallet\Various_AspNet_Projects\Das_Kraken_app_Sol\Das_Kraken_app\quickstart\src\app\app.component.js
D:\Bitcoin_Wallet\Various_AspNet_Projects\Das_Kraken_app_Sol\Das_Kraken_app\quickstart\src\app\app.component.js.map
D:\Bitcoin_Wallet\Various_AspNet_Projects\Das_Kraken_app_Sol\Das_Kraken_app\quickstart\src\app\app.module.js
D:\Bitcoin_Wallet\Various_AspNet_Projects\Das_Kraken_app_Sol\Das_Kraken_app\quickstart\src\app\app.module.js.map
D:\Bitcoin_Wallet\Various_AspNet_Projects\Das_Kraken_app_Sol\Das_Kraken_app\quickstart\src\main.js
D:\Bitcoin_Wallet\Various_AspNet_Projects\Das_Kraken_app_Sol\Das_Kraken_app\quickstart\src\main.js.map
D:\Bitcoin_Wallet\Various_AspNet_Projects\Das_Kraken_app_Sol\Das_Kraken_app\quickstart\src\app\app.component.spec.js
D:\Bitcoin_Wallet\Various_AspNet_Projects\Das_Kraken_app_Sol\Das_Kraken_app\quickstart\src\app\app.component.spec.js.map
D:\Bitcoin_Wallet\Various_AspNet_Projects\Das_Kraken_app_Sol\Das_Kraken_app\quickstart\e2e\app.e2e-spec.js
D:\Bitcoin_Wallet\Various_AspNet_Projects\Das_Kraken_app_Sol\Das_Kraken_app\quickstart\e2e\app.e2e-spec.js.map
D:\Bitcoin_Wallet\Various_AspNet_Projects\Das_Kraken_app_Sol\Das_Kraken_app\quickstart\src\app\app.component.js
D:\Bitcoin_Wallet\Various_AspNet_Projects\Das_Kraken_app_Sol\Das_Kraken_app\quickstart\src\app\app.component.js.map
D:\Bitcoin_Wallet\Various_AspNet_Projects\Das_Kraken_app_Sol\Das_Kraken_app\quickstart\src\app\app.module.js
D:\Bitcoin_Wallet\Various_AspNet_Projects\Das_Kraken_app_Sol\Das_Kraken_app\quickstart\src\app\app.module.js.map
D:\Bitcoin_Wallet\Various_AspNet_Projects\Das_Kraken_app_Sol\Das_Kraken_app\quickstart\src\main.js
D:\Bitcoin_Wallet\Various_AspNet_Projects\Das_Kraken_app_Sol\Das_Kraken_app\quickstart\src\main.js.map
D:\Bitcoin_Wallet\Various_AspNet_Projects\Das_Kraken_app_Sol\Das_Kraken_app\quickstart\src\app\app.component.spec.js
D:\Bitcoin_Wallet\Various_AspNet_Projects\Das_Kraken_app_Sol\Das_Kraken_app\quickstart\src\app\app.component.spec.js.map
D:\Bitcoin_Wallet\Various_AspNet_Projects\Das_Kraken_app_Sol\Das_Kraken_app\quickstart\e2e\app.e2e-spec.js
D:\Bitcoin_Wallet\Various_AspNet_Projects\Das_Kraken_app_Sol\Das_Kraken_app\quickstart\e2e\app.e2e-spec.js.map
D:\Bitcoin_Wallet\Various_AspNet_Projects\Das_Kraken_app_Sol\Das_Kraken_app\quickstart\src\app\app.component.js
D:\Bitcoin_Wallet\Various_AspNet_Projects\Das_Kraken_app_Sol\Das_Kraken_app\quickstart\src\app\app.component.js.map
D:\Bitcoin_Wallet\Various_AspNet_Projects\Das_Kraken_app_Sol\Das_Kraken_app\quickstart\src\app\app.module.js
D:\Bitcoin_Wallet\Various_AspNet_Projects\Das_Kraken_app_Sol\Das_Kraken_app\quickstart\src\app\app.module.js.map
D:\Bitcoin_Wallet\Various_AspNet_Projects\Das_Kraken_app_Sol\Das_Kraken_app\quickstart\src\main.js
D:\Bitcoin_Wallet\Various_AspNet_Projects\Das_Kraken_app_Sol\Das_Kraken_app\quickstart\src\main.js.map
D:\Bitcoin_Wallet\Various_AspNet_Projects\Das_Kraken_app_Sol\Das_Kraken_app\quickstart\src\app\app.component.spec.js
D:\Bitcoin_Wallet\Various_AspNet_Projects\Das_Kraken_app_Sol\Das_Kraken_app\quickstart\src\app\app.component.spec.js.map
D:\Bitcoin_Wallet\Various_AspNet_Projects\Das_Kraken_app_Sol\Das_Kraken_app\quickstart\e2e\app.e2e-spec.js
D:\Bitcoin_Wallet\Various_AspNet_Projects\Das_Kraken_app_Sol\Das_Kraken_app\quickstart\e2e\app.e2e-spec.js.map
D:\Bitcoin_Wallet\Various_AspNet_Projects\Das_Kraken_app_Sol\Das_Kraken_app\quickstart\src\app\app.component.js
D:\Bitcoin_Wallet\Various_AspNet_Projects\Das_Kraken_app_Sol\Das_Kraken_app\quickstart\src\app\app.component.js.map
D:\Bitcoin_Wallet\Various_AspNet_Projects\Das_Kraken_app_Sol\Das_Kraken_app\quickstart\src\app\app.module.js
D:\Bitcoin_Wallet\Various_AspNet_Projects\Das_Kraken_app_Sol\Das_Kraken_app\quickstart\src\app\app.module.js.map
D:\Bitcoin_Wallet\Various_AspNet_Projects\Das_Kraken_app_Sol\Das_Kraken_app\quickstart\src\main.js
D:\Bitcoin_Wallet\Various_AspNet_Projects\Das_Kraken_app_Sol\Das_Kraken_app\quickstart\src\main.js.map
D:\Bitcoin_Wallet\Various_AspNet_Projects\Das_Kraken_app_Sol\Das_Kraken_app\quickstart\src\app\app.component.spec.js
D:\Bitcoin_Wallet\Various_AspNet_Projects\Das_Kraken_app_Sol\Das_Kraken_app\quickstart\src\app\app.component.spec.js.map
D:\Bitcoin_Wallet\Various_AspNet_Projects\Das_Kraken_app_Sol\Das_Kraken_app\quickstart\e2e\app.e2e-spec.js
D:\Bitcoin_Wallet\Various_AspNet_Projects\Das_Kraken_app_Sol\Das_Kraken_app\quickstart\e2e\app.e2e-spec.js.map
D:\Bitcoin_Wallet\Various_AspNet_Projects\Das_Kraken_app_Sol\Das_Kraken_app\quickstart\src\app\app.component.js
D:\Bitcoin_Wallet\Various_AspNet_Projects\Das_Kraken_app_Sol\Das_Kraken_app\quickstart\src\app\app.component.js.map
D:\Bitcoin_Wallet\Various_AspNet_Projects\Das_Kraken_app_Sol\Das_Kraken_app\quickstart\src\app\app.module.js
D:\Bitcoin_Wallet\Various_AspNet_Projects\Das_Kraken_app_Sol\Das_Kraken_app\quickstart\src\app\app.module.js.map
D:\Bitcoin_Wallet\Various_AspNet_Projects\Das_Kraken_app_Sol\Das_Kraken_app\quickstart\src\main.js
D:\Bitcoin_Wallet\Various_AspNet_Projects\Das_Kraken_app_Sol\Das_Kraken_app\quickstart\src\main.js.map
D:\Bitcoin_Wallet\Various_AspNet_Projects\Das_Kraken_app_Sol\Das_Kraken_app\quickstart\src\app\app.component.spec.js
D:\Bitcoin_Wallet\Various_AspNet_Projects\Das_Kraken_app_Sol\Das_Kraken_app\quickstart\src\app\app.component.spec.js.map
D:\Bitcoin_Wallet\Various_AspNet_Projects\Das_Kraken_app_Sol\Das_Kraken_app\quickstart\e2e\app.e2e-spec.js
D:\Bitcoin_Wallet\Various_AspNet_Projects\Das_Kraken_app_Sol\Das_Kraken_app\quickstart\e2e\app.e2e-spec.js.map
D:\Bitcoin_Wallet\Various_AspNet_Projects\Das_Kraken_app_Sol\Das_Kraken_app\quickstart\src\app\EmployeeList.Component.js
D:\Bitcoin_Wallet\Various_AspNet_Projects\Das_Kraken_app_Sol\Das_Kraken_app\quickstart\src\app\EmployeeList.Component.js.map
D:\Bitcoin_Wallet\Various_AspNet_Projects\Das_Kraken_app_Sol\Das_Kraken_app\quickstart\src\app\app.component.js
D:\Bitcoin_Wallet\Various_AspNet_Projects\Das_Kraken_app_Sol\Das_Kraken_app\quickstart\src\app\app.component.js.map
D:\Bitcoin_Wallet\Various_AspNet_Projects\Das_Kraken_app_Sol\Das_Kraken_app\quickstart\src\app\app.module.js
D:\Bitcoin_Wallet\Various_AspNet_Projects\Das_Kraken_app_Sol\Das_Kraken_app\quickstart\src\app\app.module.js.map
D:\Bitcoin_Wallet\Various_AspNet_Projects\Das_Kraken_app_Sol\Das_Kraken_app\quickstart\src\main.js
D:\Bitcoin_Wallet\Various_AspNet_Projects\Das_Kraken_app_Sol\Das_Kraken_app\quickstart\src\main.js.map
D:\Bitcoin_Wallet\Various_AspNet_Projects\Das_Kraken_app_Sol\Das_Kraken_app\quickstart\src\app\app.component.spec.js
D:\Bitcoin_Wallet\Various_AspNet_Projects\Das_Kraken_app_Sol\Das_Kraken_app\quickstart\src\app\app.component.spec.js.map
